09:45:26.738 DEBUG LoggingFile -Tim's Debug messaged logged.
09:45:26.741 ERROR LoggingFile -Tim's Error messaged logged.
09:45:26.741 FATAL LoggingFile -Tim's Fatal messaged logged.
09:45:36.848 DEBUG LoggingFile -Tim's Debug messaged logged.
09:45:36.851 ERROR LoggingFile -Tim's Error messaged logged.
09:45:36.851 FATAL LoggingFile -Tim's Fatal messaged logged.
09:47:07.349 DEBUG LoggingFile -Tim's Debug messaged logged.
09:47:07.353 ERROR LoggingFile -Tim's Error messaged logged.
09:47:07.353 FATAL LoggingFile -Tim's Fatal messaged logged.
09:47:15.791 DEBUG LoggingFile -Tim's Debug messaged logged.
09:47:15.794 ERROR LoggingFile -Tim's Error messaged logged.
09:47:15.794 FATAL LoggingFile -Tim's Fatal messaged logged.
09:48:17.900 DEBUG LoggingFile -Tim's Debug messaged logged.
09:48:17.904 ERROR LoggingFile -Tim's Error messaged logged.
09:48:17.904 FATAL LoggingFile -Tim's Fatal messaged logged.
09:53:23.924 DEBUG LoggingFile -Tim's Debug messaged logged.
09:53:23.927 ERROR LoggingFile -Tim's Error messaged logged.
09:53:23.927 FATAL LoggingFile -Tim's Fatal messaged logged.
09:53:57.152 DEBUG LoggingFile -Tim's Debug messaged logged.
09:53:57.155 ERROR LoggingFile -Tim's Error messaged logged.
09:53:57.155 FATAL LoggingFile -Tim's Fatal messaged logged.
09:55:46.597 TRACE DifferentLevelLoggingFile -Tim's Trace messaged logged.
09:55:46.599 DEBUG DifferentLevelLoggingFile -Tim's Debug messaged logged.
09:55:46.599 INFO  DifferentLevelLoggingFile -Tim's Info messaged logged.
09:55:46.599 ERROR DifferentLevelLoggingFile -Tim's Error messaged logged.
09:55:46.599 FATAL DifferentLevelLoggingFile -Tim's Fatal messaged logged.
09:56:46.140 TRACE LoggingFile -Tim's Trace messaged logged.
09:56:46.143 DEBUG LoggingFile -Tim's Debug messaged logged.
09:56:46.144 INFO  LoggingFile -Tim's Info messaged logged.
09:56:46.144 ERROR LoggingFile -Tim's Error messaged logged.
09:56:46.144 FATAL LoggingFile -Tim's Fatal messaged logged.
09:58:04.810 ERROR LoggingFile -Tim's Error messaged logged.
09:58:04.812 FATAL LoggingFile -Tim's Fatal messaged logged.
09:58:33.966 INFO  DifferentLevelLoggingFile -Tim's Info messaged logged.
09:58:33.969 ERROR DifferentLevelLoggingFile -Tim's Error messaged logged.
09:58:33.969 FATAL DifferentLevelLoggingFile -Tim's Fatal messaged logged.
10:12:12.389 ERROR LoggingTestCase -Tim's Error messaged logged.
10:12:12.393 FATAL LoggingTestCase -Tim's Fatal messaged logged.
